-------------------------------------------------------------------------------
Test set: com.scapi.ShapeCalculator.ShapeCalculatorApplicationTests
-------------------------------------------------------------------------------
Tests run: 1, Failures: 0, Errors: 1, Skipped: 0, Time elapsed: 4.701 s <<< FAILURE! - in com.scapi.ShapeCalculator.ShapeCalculatorApplicationTests
contextLoads  Time elapsed: 0.002 s  <<< ERROR!
java.lang.IllegalStateException: Failed to load ApplicationContext
Caused by: org.springframework.beans.factory.UnsatisfiedDependencyException: Error creating bean with name 'shapeController' defined in file [C:\Users\az939c\projects\scapi\target\classes\com\scapi\controller\ShapeController.class]: Unsatisfied dependency expressed through constructor parameter 0; nested exception is org.springframework.beans.factory.UnsatisfiedDependencyException: Error creating bean with name 'shapeService' defined in file [C:\Users\az939c\projects\scapi\target\classes\com\scapi\service\ShapeService.class]: Unsatisfied dependency expressed through constructor parameter 0; nested exception is org.springframework.beans.factory.BeanCreationException: Error creating bean with name 'shapeRepository' defined in com.scapi.repository.ShapeRepository defined in @EnableJpaRepositories declared on JpaRepositoriesRegistrar.EnableJpaRepositoriesConfiguration: Invocation of init method failed; nested exception is java.lang.IllegalArgumentException: Not a managed type: class com.scapi.controller.ShapeController
Caused by: org.springframework.beans.factory.UnsatisfiedDependencyException: Error creating bean with name 'shapeService' defined in file [C:\Users\az939c\projects\scapi\target\classes\com\scapi\service\ShapeService.class]: Unsatisfied dependency expressed through constructor parameter 0; nested exception is org.springframework.beans.factory.BeanCreationException: Error creating bean with name 'shapeRepository' defined in com.scapi.repository.ShapeRepository defined in @EnableJpaRepositories declared on JpaRepositoriesRegistrar.EnableJpaRepositoriesConfiguration: Invocation of init method failed; nested exception is java.lang.IllegalArgumentException: Not a managed type: class com.scapi.controller.ShapeController
Caused by: org.springframework.beans.factory.BeanCreationException: Error creating bean with name 'shapeRepository' defined in com.scapi.repository.ShapeRepository defined in @EnableJpaRepositories declared on JpaRepositoriesRegistrar.EnableJpaRepositoriesConfiguration: Invocation of init method failed; nested exception is java.lang.IllegalArgumentException: Not a managed type: class com.scapi.controller.ShapeController
Caused by: java.lang.IllegalArgumentException: Not a managed type: class com.scapi.controller.ShapeController

